<?xml version="1.0" encoding="UTF-8" ?>
<testsuite tests="1" failures="1" name="SortServiceTest" time="1.728" errors="0" skipped="0">
  <properties>
[...]
</properties>
  <testcase classname="SortServiceTest" name="SortServiceTest.testSort" time="1.728">
    <failure message="Cannot invoke &quot;MergeSort.sort(int[])&quot; because &quot;this.mockMergeSort&quot; is null" type="java.lang.NullPointerException">java.lang.NullPointerException: Cannot invoke &quot;MergeSort.sort(int[])&quot; because &quot;this.mockMergeSort&quot; is null
	at SortServiceTest.testSort(SortServiceTest.java:26)
</failure>
  </testcase>
</testsuite>